This file contains any messages produced by compilers while
running configure, to aid debugging if configure makes a mistake.

It was created by configure, which was
generated by GNU Autoconf 2.69.  Invocation command line was

  $ ./configure --with-php-config=/usr/bin/php-config

## --------- ##
## Platform. ##
## --------- ##

hostname = VM_16_122_centos
uname -m = x86_64
uname -r = 3.10.0-693.el7.x86_64
uname -s = Linux
uname -v = #1 SMP Tue Aug 22 21:09:27 UTC 2017

/usr/bin/uname -p = x86_64
/bin/uname -X     = unknown

/bin/arch              = x86_64
/usr/bin/arch -k       = unknown
/usr/convex/getsysinfo = unknown
/usr/bin/hostinfo      = unknown
/bin/machine           = unknown
/usr/bin/oslevel       = unknown
/bin/universe          = unknown

PATH: /usr/local/sbin
PATH: /usr/local/bin
PATH: /usr/sbin
PATH: /usr/bin
PATH: /root/bin


## ----------- ##
## Core tests. ##
## ----------- ##

configure:2077: checking for grep that handles long lines and -e
configure:2135: result: /usr/bin/grep
configure:2140: checking for egrep
configure:2202: result: /usr/bin/grep -E
configure:2207: checking for a sed that does not truncate output
configure:2271: result: /usr/bin/sed
configure:2410: checking for cc
configure:2426: found /usr/bin/cc
configure:2437: result: cc
configure:2468: checking for C compiler version
configure:2477: cc --version >&5
cc (GCC) 4.8.5 20150623 (Red Hat 4.8.5-39)
Copyright (C) 2015 Free Software Foundation, Inc.
This is free software; see the source for copying conditions.  There is NO
warranty; not even for MERCHANTABILITY or FITNESS FOR A PARTICULAR PURPOSE.

configure:2488: $? = 0
configure:2477: cc -v >&5
Using built-in specs.
COLLECT_GCC=cc
COLLECT_LTO_WRAPPER=/usr/libexec/gcc/x86_64-redhat-linux/4.8.5/lto-wrapper
Target: x86_64-redhat-linux
Configured with: ../configure --prefix=/usr --mandir=/usr/share/man --infodir=/usr/share/info --with-bugurl=http://bugzilla.redhat.com/bugzilla --enable-bootstrap --enable-shared --enable-threads=posix --enable-checking=release --with-system-zlib --enable-__cxa_atexit --disable-libunwind-exceptions --enable-gnu-unique-object --enable-linker-build-id --with-linker-hash-style=gnu --enable-languages=c,c++,objc,obj-c++,java,fortran,ada,go,lto --enable-plugin --enable-initfini-array --disable-libgcj --with-isl=/builddir/build/BUILD/gcc-4.8.5-20150702/obj-x86_64-redhat-linux/isl-install --with-cloog=/builddir/build/BUILD/gcc-4.8.5-20150702/obj-x86_64-redhat-linux/cloog-install --enable-gnu-indirect-function --with-tune=generic --with-arch_32=x86-64 --build=x86_64-redhat-linux
Thread model: posix
gcc version 4.8.5 20150623 (Red Hat 4.8.5-39) (GCC) 
configure:2488: $? = 0
configure:2477: cc -V >&5
cc: error: unrecognized command line option '-V'
cc: fatal error: no input files
compilation terminated.
configure:2488: $? = 4
configure:2477: cc -qversion >&5
cc: error: unrecognized command line option '-qversion'
cc: fatal error: no input files
compilation terminated.
configure:2488: $? = 4
configure:2508: checking whether the C compiler works
configure:2530: cc    conftest.c  >&5
configure:2534: $? = 0
configure:2582: result: yes
configure:2585: checking for C compiler default output file name
configure:2587: result: a.out
configure:2593: checking for suffix of executables
configure:2600: cc -o conftest    conftest.c  >&5
configure:2604: $? = 0
configure:2626: result: 
configure:2648: checking whether we are cross compiling
configure:2656: cc -o conftest    conftest.c  >&5
configure:2660: $? = 0
configure:2667: ./conftest
configure:2671: $? = 0
configure:2686: result: no
configure:2691: checking for suffix of object files
configure:2713: cc -c   conftest.c >&5
configure:2717: $? = 0
configure:2738: result: o
configure:2742: checking whether we are using the GNU C compiler
configure:2761: cc -c   conftest.c >&5
configure:2761: $? = 0
configure:2770: result: yes
configure:2779: checking whether cc accepts -g
configure:2799: cc -c -g  conftest.c >&5
configure:2799: $? = 0
configure:2840: result: yes
configure:2857: checking for cc option to accept ISO C89
configure:2920: cc  -c -g -O2  conftest.c >&5
configure:2920: $? = 0
configure:2933: result: none needed
configure:2959: checking how to run the C preprocessor
configure:2990: cc -E  conftest.c
configure:2990: $? = 0
configure:3004: cc -E  conftest.c
conftest.c:9:28: fatal error: ac_nonexistent.h: No such file or directory
 #include <ac_nonexistent.h>
                            ^
compilation terminated.
configure:3004: $? = 1
configure: failed program was:
| /* confdefs.h */
| #define PACKAGE_NAME ""
| #define PACKAGE_TARNAME ""
| #define PACKAGE_VERSION ""
| #define PACKAGE_STRING ""
| #define PACKAGE_BUGREPORT ""
| #define PACKAGE_URL ""
| /* end confdefs.h.  */
| #include <ac_nonexistent.h>
configure:3029: result: cc -E
configure:3049: cc -E  conftest.c
configure:3049: $? = 0
configure:3063: cc -E  conftest.c
conftest.c:9:28: fatal error: ac_nonexistent.h: No such file or directory
 #include <ac_nonexistent.h>
                            ^
compilation terminated.
configure:3063: $? = 1
configure: failed program was:
| /* confdefs.h */
| #define PACKAGE_NAME ""
| #define PACKAGE_TARNAME ""
| #define PACKAGE_VERSION ""
| #define PACKAGE_STRING ""
| #define PACKAGE_BUGREPORT ""
| #define PACKAGE_URL ""
| /* end confdefs.h.  */
| #include <ac_nonexistent.h>
configure:3094: checking for icc
configure:3103: result: no
configure:3117: checking for suncc
configure:3126: result: no
configure:3144: checking whether cc understands -c and -o together
configure:3172: cc -c conftest.c -o conftest2.o >&5
configure:3176: $? = 0
configure:3182: cc -c conftest.c -o conftest2.o >&5
configure:3186: $? = 0
configure:3241: result: yes
configure:3255: checking for system library directory
configure:3270: result: lib
configure:3277: checking if compiler supports -R
configure:3296: cc -o conftest -g -O2   conftest.c -R /usr/lib  >&5
cc: error: unrecognized command line option '-R'
configure:3296: $? = 1
configure: failed program was:
| /* confdefs.h */
| #define PACKAGE_NAME ""
| #define PACKAGE_TARNAME ""
| #define PACKAGE_VERSION ""
| #define PACKAGE_STRING ""
| #define PACKAGE_BUGREPORT ""
| #define PACKAGE_URL ""
| /* end confdefs.h.  */
| 
| int
| main ()
| {
| 
|   ;
|   return 0;
| }
configure:3306: result: no
configure:3311: checking if compiler supports -Wl,-rpath,
configure:3330: cc -o conftest -g -O2   conftest.c -Wl,-rpath,/usr/lib  >&5
configure:3330: $? = 0
configure:3340: result: yes
configure:3385: checking build system type
configure:3399: result: x86_64-pc-linux-gnu
configure:3419: checking host system type
configure:3432: result: x86_64-pc-linux-gnu
configure:3452: checking target system type
configure:3465: result: x86_64-pc-linux-gnu
configure:3568: checking for PHP prefix
configure:3570: result: /opt/remi/php73/root/usr
configure:3572: checking for PHP includes
configure:3574: result: -I/opt/remi/php73/root/usr/include/php -I/opt/remi/php73/root/usr/include/php/main -I/opt/remi/php73/root/usr/include/php/TSRM -I/opt/remi/php73/root/usr/include/php/Zend -I/opt/remi/php73/root/usr/include/php/ext -I/opt/remi/php73/root/usr/include/php/ext/date/lib
configure:3576: checking for PHP extension directory
configure:3578: result: /opt/remi/php73/root/usr/lib64/php/modules
configure:3580: checking for PHP installed headers prefix
configure:3582: result: /opt/remi/php73/root/usr/include/php
configure:3585: checking if debug is enabled
configure:3611: result: no
configure:3614: checking if zts is enabled
configure:3640: result: no
configure:3711: checking for re2c
configure:3727: found /usr/bin/re2c
configure:3738: result: re2c
configure:3747: checking for re2c version
configure:3761: result: 0.14.3 (ok)
configure:3780: checking for gawk
configure:3797: found /usr/bin/gawk
configure:3808: result: gawk
configure:3851: checking whether to enable swoole_orm support
configure:3890: result: yes, shared
configure:4209: checking how to print strings
configure:4236: result: printf
configure:4257: checking for a sed that does not truncate output
configure:4321: result: /usr/bin/sed
configure:4339: checking for fgrep
configure:4401: result: /usr/bin/grep -F
configure:4436: checking for ld used by cc
configure:4503: result: /usr/bin/ld
configure:4510: checking if the linker (/usr/bin/ld) is GNU ld
configure:4525: result: yes
configure:4537: checking for BSD- or MS-compatible name lister (nm)
configure:4586: result: /usr/bin/nm -B
configure:4716: checking the name lister (/usr/bin/nm -B) interface
configure:4723: cc -c -g -O2  conftest.c >&5
configure:4726: /usr/bin/nm -B "conftest.o"
configure:4729: output
0000000000000000 B some_variable
configure:4736: result: BSD nm
configure:4739: checking whether ln -s works
configure:4743: result: yes
configure:4751: checking the maximum length of command line arguments
configure:4881: result: 1572864
configure:4898: checking whether the shell understands some XSI constructs
configure:4908: result: yes
configure:4912: checking whether the shell understands "+="
configure:4918: result: yes
configure:4953: checking how to convert x86_64-pc-linux-gnu file names to x86_64-pc-linux-gnu format
configure:4993: result: func_convert_file_noop
configure:5000: checking how to convert x86_64-pc-linux-gnu file names to toolchain format
configure:5020: result: func_convert_file_noop
configure:5027: checking for /usr/bin/ld option to reload object files
configure:5034: result: -r
configure:5108: checking for objdump
configure:5124: found /usr/bin/objdump
configure:5135: result: objdump
configure:5167: checking how to recognize dependent libraries
configure:5369: result: pass_all
configure:5454: checking for dlltool
configure:5484: result: no
configure:5514: checking how to associate runtime and link libraries
configure:5541: result: printf %s\n
configure:5601: checking for ar
configure:5617: found /usr/bin/ar
configure:5628: result: ar
configure:5665: checking for archiver @FILE support
configure:5682: cc -c -g -O2  conftest.c >&5
configure:5682: $? = 0
configure:5685: ar cru libconftest.a @conftest.lst >&5
configure:5688: $? = 0
configure:5693: ar cru libconftest.a @conftest.lst >&5
ar: conftest.o: No such file or directory
configure:5696: $? = 1
configure:5708: result: @
configure:5766: checking for strip
configure:5782: found /usr/bin/strip
configure:5793: result: strip
configure:5865: checking for ranlib
configure:5881: found /usr/bin/ranlib
configure:5892: result: ranlib
configure:5969: checking for gawk
configure:5996: result: gawk
configure:6036: checking command to parse /usr/bin/nm -B output from cc object
configure:6156: cc -c -g -O2  conftest.c >&5
configure:6159: $? = 0
configure:6163: /usr/bin/nm -B conftest.o \| sed -n -e 's/^.*[ ]\([ABCDGIRSTW][ABCDGIRSTW]*\)[ ][ ]*\([_A-Za-z][_A-Za-z0-9]*\)$/\1 \2 \2/p' | sed '/ __gnu_lto/d' \> conftest.nm
configure:6166: $? = 0
configure:6232: cc -o conftest -g -O2   conftest.c conftstm.o >&5
configure:6235: $? = 0
configure:6273: result: ok
configure:6310: checking for sysroot
configure:6340: result: no
configure:6417: cc -c -g -O2  conftest.c >&5
configure:6420: $? = 0
configure:6596: checking for mt
configure:6626: result: no
configure:6646: checking if : is a manifest tool
configure:6652: : '-?'
configure:6660: result: no
configure:7297: checking for ANSI C header files
configure:7317: cc -c -g -O2  conftest.c >&5
configure:7317: $? = 0
configure:7390: cc -o conftest -g -O2   conftest.c  >&5
configure:7390: $? = 0
configure:7390: ./conftest
configure:7390: $? = 0
configure:7401: result: yes
configure:7414: checking for sys/types.h
configure:7414: cc -c -g -O2  conftest.c >&5
configure:7414: $? = 0
configure:7414: result: yes
configure:7414: checking for sys/stat.h
configure:7414: cc -c -g -O2  conftest.c >&5
configure:7414: $? = 0
configure:7414: result: yes
configure:7414: checking for stdlib.h
configure:7414: cc -c -g -O2  conftest.c >&5
configure:7414: $? = 0
configure:7414: result: yes
configure:7414: checking for string.h
configure:7414: cc -c -g -O2  conftest.c >&5
configure:7414: $? = 0
configure:7414: result: yes
configure:7414: checking for memory.h
configure:7414: cc -c -g -O2  conftest.c >&5
configure:7414: $? = 0
configure:7414: result: yes
configure:7414: checking for strings.h
configure:7414: cc -c -g -O2  conftest.c >&5
configure:7414: $? = 0
configure:7414: result: yes
configure:7414: checking for inttypes.h
configure:7414: cc -c -g -O2  conftest.c >&5
configure:7414: $? = 0
configure:7414: result: yes
configure:7414: checking for stdint.h
configure:7414: cc -c -g -O2  conftest.c >&5
configure:7414: $? = 0
configure:7414: result: yes
configure:7414: checking for unistd.h
configure:7414: cc -c -g -O2  conftest.c >&5
configure:7414: $? = 0
configure:7414: result: yes
configure:7428: checking for dlfcn.h
configure:7428: cc -c -g -O2  conftest.c >&5
configure:7428: $? = 0
configure:7428: result: yes
configure:7634: checking for objdir
configure:7649: result: .libs
configure:7920: checking if cc supports -fno-rtti -fno-exceptions
configure:7938: cc -c -g -O2  -fno-rtti -fno-exceptions conftest.c >&5
cc1: warning: command line option '-fno-rtti' is valid for C++/ObjC++ but not for C [enabled by default]
configure:7942: $? = 0
configure:7955: result: no
configure:8282: checking for cc option to produce PIC
configure:8289: result: -fPIC -DPIC
configure:8297: checking if cc PIC flag -fPIC -DPIC works
configure:8315: cc -c -g -O2  -fPIC -DPIC -DPIC conftest.c >&5
configure:8319: $? = 0
configure:8332: result: yes
configure:8361: checking if cc static flag -static works
configure:8389: result: no
configure:8404: checking if cc supports -c -o file.o
configure:8425: cc -c -g -O2  -o out/conftest2.o conftest.c >&5
configure:8429: $? = 0
configure:8451: result: yes
configure:8459: checking if cc supports -c -o file.o
configure:8506: result: yes
configure:8539: checking whether the cc linker (/usr/bin/ld -m elf_x86_64) supports shared libraries
configure:9692: result: yes
configure:9729: checking whether -lc should be explicitly linked in
configure:9737: cc -c -g -O2  conftest.c >&5
configure:9740: $? = 0
configure:9755: cc -shared  -fPIC -DPIC conftest.o  -v -Wl,-soname -Wl,conftest -o conftest 2\>\&1 \| /usr/bin/grep  -lc  \>/dev/null 2\>\&1
configure:9758: $? = 0
configure:9772: result: no
configure:9932: checking dynamic linker characteristics
configure:10443: cc -o conftest -g -O2   -Wl,-rpath -Wl,/foo conftest.c  >&5
configure:10443: $? = 0
configure:10669: result: GNU/Linux ld.so
configure:10776: checking how to hardcode library paths into programs
configure:10801: result: immediate
configure:11341: checking whether stripping libraries is possible
configure:11346: result: yes
configure:11381: checking if libtool supports shared libraries
configure:11383: result: yes
configure:11386: checking whether to build shared libraries
configure:11407: result: yes
configure:11410: checking whether to build static libraries
configure:11414: result: no
configure:11689: creating ./config.status

## ---------------------- ##
## Running config.status. ##
## ---------------------- ##

This file was extended by config.status, which was
generated by GNU Autoconf 2.69.  Invocation command line was

  CONFIG_FILES    = 
  CONFIG_HEADERS  = 
  CONFIG_LINKS    = 
  CONFIG_COMMANDS = 
  $ ./config.status 

on VM_16_122_centos

config.status:887: creating config.h
config.status:991: executing libtool commands

## ---------------- ##
## Cache variables. ##
## ---------------- ##

ac_cv_build=x86_64-pc-linux-gnu
ac_cv_c_compiler_gnu=yes
ac_cv_env_CC_set=
ac_cv_env_CC_value=
ac_cv_env_CFLAGS_set=
ac_cv_env_CFLAGS_value=
ac_cv_env_CPPFLAGS_set=
ac_cv_env_CPPFLAGS_value=
ac_cv_env_CPP_set=
ac_cv_env_CPP_value=
ac_cv_env_LDFLAGS_set=
ac_cv_env_LDFLAGS_value=
ac_cv_env_LIBS_set=
ac_cv_env_LIBS_value=
ac_cv_env_build_alias_set=
ac_cv_env_build_alias_value=
ac_cv_env_host_alias_set=
ac_cv_env_host_alias_value=
ac_cv_env_target_alias_set=
ac_cv_env_target_alias_value=
ac_cv_header_dlfcn_h=yes
ac_cv_header_inttypes_h=yes
ac_cv_header_memory_h=yes
ac_cv_header_stdc=yes
ac_cv_header_stdint_h=yes
ac_cv_header_stdlib_h=yes
ac_cv_header_string_h=yes
ac_cv_header_strings_h=yes
ac_cv_header_sys_stat_h=yes
ac_cv_header_sys_types_h=yes
ac_cv_header_unistd_h=yes
ac_cv_host=x86_64-pc-linux-gnu
ac_cv_objext=o
ac_cv_path_EGREP='/usr/bin/grep -E'
ac_cv_path_FGREP='/usr/bin/grep -F'
ac_cv_path_GREP=/usr/bin/grep
ac_cv_path_SED=/usr/bin/sed
ac_cv_prog_AWK=gawk
ac_cv_prog_CPP='cc -E'
ac_cv_prog_RE2C=re2c
ac_cv_prog_ac_ct_AR=ar
ac_cv_prog_ac_ct_CC=cc
ac_cv_prog_ac_ct_OBJDUMP=objdump
ac_cv_prog_ac_ct_RANLIB=ranlib
ac_cv_prog_ac_ct_STRIP=strip
ac_cv_prog_cc_c89=
ac_cv_prog_cc_cc_c_o=yes
ac_cv_prog_cc_g=yes
ac_cv_target=x86_64-pc-linux-gnu
lt_cv_ar_at_file=@
lt_cv_archive_cmds_need_lc=no
lt_cv_deplibs_check_method=pass_all
lt_cv_file_magic_cmd='$MAGIC_CMD'
lt_cv_file_magic_test_file=
lt_cv_ld_reload_flag=-r
lt_cv_nm_interface='BSD nm'
lt_cv_objdir=.libs
lt_cv_path_LD=/usr/bin/ld
lt_cv_path_NM='/usr/bin/nm -B'
lt_cv_path_mainfest_tool=no
lt_cv_prog_compiler_c_o=yes
lt_cv_prog_compiler_pic='-fPIC -DPIC'
lt_cv_prog_compiler_pic_works=yes
lt_cv_prog_compiler_rtti_exceptions=no
lt_cv_prog_compiler_static_works=no
lt_cv_prog_gnu_ld=yes
lt_cv_sharedlib_from_linklib_cmd='printf %s\n'
lt_cv_shlibpath_overrides_runpath=no
lt_cv_sys_global_symbol_pipe='sed -n -e '\''s/^.*[	 ]\([ABCDGIRSTW][ABCDGIRSTW]*\)[	 ][	 ]*\([_A-Za-z][_A-Za-z0-9]*\)$/\1 \2 \2/p'\'' | sed '\''/ __gnu_lto/d'\'''
lt_cv_sys_global_symbol_to_c_name_address='sed -n -e '\''s/^: \([^ ]*\)[ ]*$/  {\"\1\", (void *) 0},/p'\'' -e '\''s/^[ABCDGIRSTW]* \([^ ]*\) \([^ ]*\)$/  {"\2", (void *) \&\2},/p'\'''
lt_cv_sys_global_symbol_to_c_name_address_lib_prefix='sed -n -e '\''s/^: \([^ ]*\)[ ]*$/  {\"\1\", (void *) 0},/p'\'' -e '\''s/^[ABCDGIRSTW]* \([^ ]*\) \(lib[^ ]*\)$/  {"\2", (void *) \&\2},/p'\'' -e '\''s/^[ABCDGIRSTW]* \([^ ]*\) \([^ ]*\)$/  {"lib\2", (void *) \&\2},/p'\'''
lt_cv_sys_global_symbol_to_cdecl='sed -n -e '\''s/^T .* \(.*\)$/extern int \1();/p'\'' -e '\''s/^[ABCDGIRSTW]* .* \(.*\)$/extern char \1;/p'\'''
lt_cv_sys_max_cmd_len=1572864
lt_cv_to_host_file_cmd=func_convert_file_noop
lt_cv_to_tool_file_cmd=func_convert_file_noop
php_cv_cc_dashr=no
php_cv_cc_rpath=yes
php_cv_re2c_version='0.14.3 (ok)'

## ----------------- ##
## Output variables. ##
## ----------------- ##

AR='ar'
AWK='gawk'
CC='cc'
CFLAGS='-g -O2'
CONFIGURE_COMMAND=' '\''./configure'\''  '\''--with-php-config=/usr/bin/php-config'\'''
CONFIGURE_OPTIONS=' '\''--with-php-config=/usr/bin/php-config'\'''
CPP='cc -E'
CPPFLAGS=' -DHAVE_CONFIG_H'
DEFS='-DHAVE_CONFIG_H'
DLLTOOL='false'
DSYMUTIL=''
DUMPBIN=''
ECHO_C=''
ECHO_N='-n'
ECHO_T=''
EGREP='/usr/bin/grep -E'
EXEEXT=''
FGREP='/usr/bin/grep -F'
GREP='/usr/bin/grep'
LD='/usr/bin/ld -m elf_x86_64'
LDFLAGS=''
LIBOBJS=''
LIBS=''
LIBTOOL='$(SHELL) $(top_builddir)/libtool'
LIPO=''
LN_S='ln -s'
LTLIBOBJS=''
MANIFEST_TOOL=':'
NM='/usr/bin/nm -B'
NMEDIT=''
OBJDUMP='objdump'
OBJEXT='o'
OTOOL64=''
OTOOL=''
PACKAGE_BUGREPORT=''
PACKAGE_NAME=''
PACKAGE_STRING=''
PACKAGE_TARNAME=''
PACKAGE_URL=''
PACKAGE_VERSION=''
PATH_SEPARATOR=':'
RANLIB='ranlib'
RE2C='re2c'
SED='/usr/bin/sed'
SHELL='/bin/sh'
SHLIB_DL_SUFFIX_NAME='so'
SHLIB_SUFFIX_NAME='so'
STRIP='strip'
ac_ct_AR='ar'
ac_ct_CC='cc'
ac_ct_DUMPBIN=''
bindir='${exec_prefix}/bin'
build='x86_64-pc-linux-gnu'
build_alias=''
build_cpu='x86_64'
build_os='linux-gnu'
build_vendor='pc'
datadir='${datarootdir}'
datarootdir='${prefix}/share'
docdir='${datarootdir}/doc/${PACKAGE}'
dvidir='${docdir}'
exec_prefix='$(prefix)'
host='x86_64-pc-linux-gnu'
host_alias='x86_64-pc-linux-gnu'
host_cpu='x86_64'
host_os='linux-gnu'
host_vendor='pc'
htmldir='${docdir}'
includedir='${prefix}/include'
infodir='${datarootdir}/info'
libdir='${exec_prefix}/lib'
libexecdir='${exec_prefix}/libexec'
localedir='${datarootdir}/locale'
localstatedir='${prefix}/var'
mandir='${datarootdir}/man'
oldincludedir='/usr/include'
pdfdir='${docdir}'
prefix='/opt/remi/php73/root/usr'
program_transform_name='s,x,x,'
psdir='${docdir}'
sbindir='${exec_prefix}/sbin'
sharedstatedir='${prefix}/com'
sysconfdir='${prefix}/etc'
target='x86_64-pc-linux-gnu'
target_alias=''
target_cpu='x86_64'
target_os='linux-gnu'
target_vendor='pc'

## ----------- ##
## confdefs.h. ##
## ----------- ##

/* confdefs.h */
#define PACKAGE_NAME ""
#define PACKAGE_TARNAME ""
#define PACKAGE_VERSION ""
#define PACKAGE_STRING ""
#define PACKAGE_BUGREPORT ""
#define PACKAGE_URL ""
#define HAVE_SWOOLE_ORM 1
#define COMPILE_DL_SWOOLE_ORM 1
#define STDC_HEADERS 1
#define HAVE_SYS_TYPES_H 1
#define HAVE_SYS_STAT_H 1
#define HAVE_STDLIB_H 1
#define HAVE_STRING_H 1
#define HAVE_MEMORY_H 1
#define HAVE_STRINGS_H 1
#define HAVE_INTTYPES_H 1
#define HAVE_STDINT_H 1
#define HAVE_UNISTD_H 1
#define HAVE_DLFCN_H 1
#define LT_OBJDIR ".libs/"

configure: exit 0
